<?xml version="1.0" encoding="UTF-8"?>
<testng-results ignored="0" total="3" passed="3" failed="0" skipped="0">
  <reporter-output>
  </reporter-output>
  <suite started-at="2023-08-21T15:51:16 WIB" name="Default suite" finished-at="2023-08-21T15:53:48 WIB" duration-ms="151253">
    <groups>
      <group name="cucumber">
        <method signature="AbstractTestNGCucumberTests.runScenario(io.cucumber.testng.PickleWrapper,io.cucumber.testng.FeatureWrapper)[pri:0, instance:com.jejakin.selenium.step_definitions.TestRunner@2f217633]" name="runScenario" class="io.cucumber.testng.AbstractTestNGCucumberTests"/>
      </group> <!-- cucumber -->
    </groups>
    <test started-at="2023-08-21T15:51:16 WIB" name="Default test" finished-at="2023-08-21T15:53:48 WIB" duration-ms="151253">
      <class name="com.jejakin.selenium.step_definitions.TestRunner">
        <test-method is-config="true" signature="setUpClass(org.testng.ITestContext)[pri:0, instance:com.jejakin.selenium.step_definitions.TestRunner@2f217633]" started-at="2023-08-21T15:51:17 WIB" name="setUpClass" finished-at="2023-08-21T15:51:25 WIB" duration-ms="8385" status="PASS">
          <params>
            <param index="0">
              <value>
                <![CDATA[org.testng.TestRunner@4b0bd001]]>
              </value>
            </param>
          </params>
          <reporter-output>
          </reporter-output>
        </test-method> <!-- setUpClass -->
        <test-method signature="runScenario(io.cucumber.testng.PickleWrapper,io.cucumber.testng.FeatureWrapper)[pri:0, instance:com.jejakin.selenium.step_definitions.TestRunner@2f217633]" started-at="2023-08-21T15:51:25 WIB" name="runScenario" description="Runs Cucumber Scenarios" data-provider="scenarios" finished-at="2023-08-21T15:52:22 WIB" duration-ms="56687" status="PASS">
          <params>
            <param index="0">
              <value>
                <![CDATA["Main page on jejak travel"]]>
              </value>
            </param>
            <param index="1">
              <value>
                <![CDATA["Page of Jejak Travel"]]>
              </value>
            </param>
          </params>
          <reporter-output>
          </reporter-output>
        </test-method> <!-- runScenario -->
        <test-method signature="runScenario(io.cucumber.testng.PickleWrapper,io.cucumber.testng.FeatureWrapper)[pri:0, instance:com.jejakin.selenium.step_definitions.TestRunner@2f217633]" started-at="2023-08-21T15:52:22 WIB" name="runScenario" description="Runs Cucumber Scenarios" data-provider="scenarios" finished-at="2023-08-21T15:52:43 WIB" duration-ms="20839" status="PASS">
          <params>
            <param index="0">
              <value>
                <![CDATA["User on flight form"]]>
              </value>
            </param>
            <param index="1">
              <value>
                <![CDATA["Page of Jejak Travel"]]>
              </value>
            </param>
          </params>
          <reporter-output>
          </reporter-output>
        </test-method> <!-- runScenario -->
        <test-method signature="runScenario(io.cucumber.testng.PickleWrapper,io.cucumber.testng.FeatureWrapper)[pri:0, instance:com.jejakin.selenium.step_definitions.TestRunner@2f217633]" started-at="2023-08-21T15:52:43 WIB" name="runScenario" description="Runs Cucumber Scenarios" data-provider="scenarios" finished-at="2023-08-21T15:53:31 WIB" duration-ms="47849" status="PASS">
          <params>
            <param index="0">
              <value>
                <![CDATA["User on Payment Page"]]>
              </value>
            </param>
            <param index="1">
              <value>
                <![CDATA["Page of Jejak Travel"]]>
              </value>
            </param>
          </params>
          <reporter-output>
          </reporter-output>
        </test-method> <!-- runScenario -->
        <test-method is-config="true" signature="tearDownClass()[pri:0, instance:com.jejakin.selenium.step_definitions.TestRunner@2f217633]" started-at="2023-08-21T15:53:31 WIB" name="tearDownClass" finished-at="2023-08-21T15:53:48 WIB" duration-ms="17179" status="PASS">
          <reporter-output>
          </reporter-output>
        </test-method> <!-- tearDownClass -->
      </class> <!-- com.jejakin.selenium.step_definitions.TestRunner -->
    </test> <!-- Default test -->
  </suite> <!-- Default suite -->
</testng-results>
